Using pre-set license
Built from '2020.3/staging' branch; Version is '2020.3.5f1 (8095aa901b9b) revision 8426922'; Using compiler version '192528614'; Build Type 'Release'
OS: 'Windows 10 Pro; OS build 19041.508; Version 2004; 64bit' Language: 'ru' Physical Memory: 12170 MB
BatchMode: 1, IsHumanControllingUs: 0, StartBugReporterOnCrash: 0, Is64bit: 1, IsPro: 0

 COMMAND LINE ARGUMENTS:
C:\Program Files\Unity\Hub\Editor\2020.3.5f1\Editor\Unity.exe
-adb2
-batchMode
-noUpm
-name
AssetImportWorker0
-projectPath
E:/My Programming/unity/test/DeeperAndDeeper
-logFile
Logs/AssetImportWorker0.log
-srvPort
57316
Successfully changed project path to: E:/My Programming/unity/test/DeeperAndDeeper
E:/My Programming/unity/test/DeeperAndDeeper
Using Asset Import Pipeline V2.
Refreshing native plugins compatible for Editor in 27.20 ms, found 0 plugins.
Preloading 0 native plugins for Editor in 0.00 ms.
Initialize engine version: 2020.3.5f1 (8095aa901b9b)
[Subsystems] Discovering subsystems at path C:/Program Files/Unity/Hub/Editor/2020.3.5f1/Editor/Data/Resources/UnitySubsystems
[Subsystems] Discovering subsystems at path E:/My Programming/unity/test/DeeperAndDeeper/Assets
GfxDevice: creating device client; threaded=0
Direct3D:
    Version:  Direct3D 11.0 [level 11.0]
    Renderer: NVIDIA GeForce GTX 850M (ID=0x1391)
    Vendor:   
    VRAM:     4055 MB
    Driver:   26.21.14.4598
Initialize mono
Mono path[0] = 'C:/Program Files/Unity/Hub/Editor/2020.3.5f1/Editor/Data/Managed'
Mono path[1] = 'C:/Program Files/Unity/Hub/Editor/2020.3.5f1/Editor/Data/MonoBleedingEdge/lib/mono/unityjit'
Mono config path = 'C:/Program Files/Unity/Hub/Editor/2020.3.5f1/Editor/Data/MonoBleedingEdge/etc'
Using monoOptions --debugger-agent=transport=dt_socket,embedding=1,server=y,suspend=n,address=127.0.0.1:56536
Begin MonoManager ReloadAssembly
Registering precompiled unity dll's ...
Register platform support module: C:/Program Files/Unity/Hub/Editor/2020.3.5f1/Editor/Data/PlaybackEngines/WindowsStandaloneSupport/UnityEditor.WindowsStandalone.Extensions.dll
Registered in 0.002152 seconds.
Native extension for WindowsStandalone target not found
Refreshing native plugins compatible for Editor in 31.38 ms, found 0 plugins.
Preloading 0 native plugins for Editor in 0.00 ms.
Mono: successfully reloaded assembly
- Completed reload, in  2.400 seconds
Platform modules already initialized, skipping
Registering precompiled user dll's ...
Registered in 0.000605 seconds.
Begin MonoManager ReloadAssembly
Native extension for WindowsStandalone target not found
Refreshing native plugins compatible for Editor in 0.26 ms, found 0 plugins.
Preloading 0 native plugins for Editor in 0.00 ms.
Mono: successfully reloaded assembly
- Completed reload, in  1.079 seconds
Platform modules already initialized, skipping
========================================================================
Worker process is ready to serve import requests
Launched and connected shader compiler UnityShaderCompiler.exe after 0.05 seconds
Refreshing native plugins compatible for Editor in 0.28 ms, found 0 plugins.
Preloading 0 native plugins for Editor in 0.00 ms.
Unloading 1168 Unused Serialized files (Serialized files now loaded: 0)
System memory in use before: 59.0 MB.
System memory in use after: 59.0 MB.

Unloading 10 unused Assets to reduce memory usage. Loaded Objects now: 1611.
Total: 3.816400 ms (FindLiveObjects: 0.263000 ms CreateObjectMapping: 0.112400 ms MarkObjects: 3.268800 ms  DeleteObjects: 0.169900 ms)

========================================================================
Received Import Request.
  path: Assets/Scripts/PlayerManager.cs
  artifactKey: Guid(7a33b80d6f92bea45b61c2a4cc924aa4) Importer(815301076,1909f56bfc062723c751e8b465ee728b)
Start importing Assets/Scripts/PlayerManager.cs using Guid(7a33b80d6f92bea45b61c2a4cc924aa4) Importer(815301076,1909f56bfc062723c751e8b465ee728b)  -> (artifact id: 'c3feedb739ca5c8b863cf3903781114c') in 0.061395 seconds
  Import took 0.065097 seconds .

========================================================================
Received Import Request.
  Time since last request: 26.964548 seconds.
  path: Assets/Scripts/ManagerS
  artifactKey: Guid(37feedf7514e8e14b9f7399b4fd7d657) Importer(815301076,1909f56bfc062723c751e8b465ee728b)
Start importing Assets/Scripts/ManagerS using Guid(37feedf7514e8e14b9f7399b4fd7d657) Importer(815301076,1909f56bfc062723c751e8b465ee728b)  -> (artifact id: 'af467733c1d63b9e2c6cc66afaaee679') in 0.009380 seconds
  Import took 0.012481 seconds .

========================================================================
Received Import Request.
  Time since last request: 3.938359 seconds.
  path: Assets/Scripts/Managers
  artifactKey: Guid(37feedf7514e8e14b9f7399b4fd7d657) Importer(815301076,1909f56bfc062723c751e8b465ee728b)
Start importing Assets/Scripts/Managers using Guid(37feedf7514e8e14b9f7399b4fd7d657) Importer(815301076,1909f56bfc062723c751e8b465ee728b)  -> (artifact id: '7cd599c579a6946743562095626c356e') in 0.006657 seconds
  Import took 0.009723 seconds .

========================================================================
Received Prepare
Registering precompiled user dll's ...
Registered in 0.000563 seconds.
Begin MonoManager ReloadAssembly
Native extension for WindowsStandalone target not found
Refreshing native plugins compatible for Editor in 0.24 ms, found 0 plugins.
Preloading 0 native plugins for Editor in 0.00 ms.
Mono: successfully reloaded assembly
- Completed reload, in  0.913 seconds
Platform modules already initialized, skipping
Refreshing native plugins compatible for Editor in 0.28 ms, found 0 plugins.
Preloading 0 native plugins for Editor in 0.00 ms.
Unloading 1163 Unused Serialized files (Serialized files now loaded: 0)
System memory in use before: 58.9 MB.
System memory in use after: 59.0 MB.

Unloading 5 unused Assets to reduce memory usage. Loaded Objects now: 1614.
Total: 1.864400 ms (FindLiveObjects: 0.171400 ms CreateObjectMapping: 0.048700 ms MarkObjects: 1.583700 ms  DeleteObjects: 0.059600 ms)

========================================================================
Received Import Request.
  Time since last request: 6.730110 seconds.
  path: Assets/Scripts/FloorManager.cs
  artifactKey: Guid(f0903daf9e7a6994e8a82e5e5d5edb85) Importer(815301076,1909f56bfc062723c751e8b465ee728b)
Start importing Assets/Scripts/FloorManager.cs using Guid(f0903daf9e7a6994e8a82e5e5d5edb85) Importer(815301076,1909f56bfc062723c751e8b465ee728b)  -> (artifact id: 'ab39941c7c8243cbcccdb037ec4f046d') in 0.008310 seconds
  Import took 0.010965 seconds .

========================================================================
Received Prepare
Registering precompiled user dll's ...
Registered in 0.000586 seconds.
Begin MonoManager ReloadAssembly
Native extension for WindowsStandalone target not found
Refreshing native plugins compatible for Editor in 0.27 ms, found 0 plugins.
Preloading 0 native plugins for Editor in 0.00 ms.
Mono: successfully reloaded assembly
- Completed reload, in  0.915 seconds
Platform modules already initialized, skipping
Refreshing native plugins compatible for Editor in 0.48 ms, found 0 plugins.
Preloading 0 native plugins for Editor in 0.00 ms.
Unloading 1163 Unused Serialized files (Serialized files now loaded: 0)
System memory in use before: 58.9 MB.
System memory in use after: 59.0 MB.

Unloading 5 unused Assets to reduce memory usage. Loaded Objects now: 1617.
Total: 2.358100 ms (FindLiveObjects: 0.190600 ms CreateObjectMapping: 0.093600 ms MarkObjects: 2.011100 ms  DeleteObjects: 0.061500 ms)

========================================================================
Received Prepare
Registering precompiled user dll's ...
Registered in 0.000525 seconds.
Begin MonoManager ReloadAssembly
Native extension for WindowsStandalone target not found
Refreshing native plugins compatible for Editor in 0.27 ms, found 0 plugins.
Preloading 0 native plugins for Editor in 0.00 ms.
Mono: successfully reloaded assembly
- Completed reload, in  0.959 seconds
Platform modules already initialized, skipping
Refreshing native plugins compatible for Editor in 0.25 ms, found 0 plugins.
Preloading 0 native plugins for Editor in 0.00 ms.
Unloading 1163 Unused Serialized files (Serialized files now loaded: 0)
System memory in use before: 59.0 MB.
System memory in use after: 59.0 MB.

Unloading 5 unused Assets to reduce memory usage. Loaded Objects now: 1620.
Total: 2.425200 ms (FindLiveObjects: 0.167100 ms CreateObjectMapping: 0.056700 ms MarkObjects: 2.145400 ms  DeleteObjects: 0.054800 ms)

========================================================================
Received Import Request.
  Time since last request: 12.438757 seconds.
  path: Assets/Scripts/GameManager.cs
  artifactKey: Guid(f3f0bfc53bef4454e9e37984e31b76dd) Importer(815301076,1909f56bfc062723c751e8b465ee728b)
Start importing Assets/Scripts/GameManager.cs using Guid(f3f0bfc53bef4454e9e37984e31b76dd) Importer(815301076,1909f56bfc062723c751e8b465ee728b)  -> (artifact id: 'b817e955db7024da54b8d4fab32d03e4') in 0.032941 seconds
  Import took 0.035469 seconds .

========================================================================
Received Prepare
Registering precompiled user dll's ...
Registered in 0.000556 seconds.
Begin MonoManager ReloadAssembly
Native extension for WindowsStandalone target not found
Refreshing native plugins compatible for Editor in 0.26 ms, found 0 plugins.
Preloading 0 native plugins for Editor in 0.00 ms.
Mono: successfully reloaded assembly
- Completed reload, in  1.069 seconds
Platform modules already initialized, skipping
Refreshing native plugins compatible for Editor in 0.29 ms, found 0 plugins.
Preloading 0 native plugins for Editor in 0.00 ms.
Unloading 1163 Unused Serialized files (Serialized files now loaded: 0)
System memory in use before: 59.0 MB.
System memory in use after: 59.0 MB.

Unloading 5 unused Assets to reduce memory usage. Loaded Objects now: 1623.
Total: 1.780700 ms (FindLiveObjects: 0.145900 ms CreateObjectMapping: 0.044900 ms MarkObjects: 1.532000 ms  DeleteObjects: 0.056600 ms)

========================================================================
Received Import Request.
  Time since last request: 16.699376 seconds.
  path: Assets/Scripts/MenuManager.cs
  artifactKey: Guid(d1c753e79e48de64484e7284a52d6c40) Importer(815301076,1909f56bfc062723c751e8b465ee728b)
Start importing Assets/Scripts/MenuManager.cs using Guid(d1c753e79e48de64484e7284a52d6c40) Importer(815301076,1909f56bfc062723c751e8b465ee728b)  -> (artifact id: 'ad761ad731eb84cfd3f1d540f94f06b1') in 0.008611 seconds
  Import took 0.011369 seconds .

========================================================================
Received Import Request.
  Time since last request: 0.355461 seconds.
  path: Assets/Scripts/MenuManager.cs
  artifactKey: Guid(d1c753e79e48de64484e7284a52d6c40) Importer(815301076,1909f56bfc062723c751e8b465ee728b)
Start importing Assets/Scripts/MenuManager.cs using Guid(d1c753e79e48de64484e7284a52d6c40) Importer(815301076,1909f56bfc062723c751e8b465ee728b)  -> (artifact id: 'ad761ad731eb84cfd3f1d540f94f06b1') in 0.001796 seconds
  Import took 0.004236 seconds .

========================================================================
Received Prepare
Registering precompiled user dll's ...
Registered in 0.000629 seconds.
Begin MonoManager ReloadAssembly
Native extension for WindowsStandalone target not found
Refreshing native plugins compatible for Editor in 0.26 ms, found 0 plugins.
Preloading 0 native plugins for Editor in 0.00 ms.
Mono: successfully reloaded assembly
- Completed reload, in  0.944 seconds
Platform modules already initialized, skipping
Refreshing native plugins compatible for Editor in 0.26 ms, found 0 plugins.
Preloading 0 native plugins for Editor in 0.00 ms.
Unloading 1163 Unused Serialized files (Serialized files now loaded: 0)
System memory in use before: 59.0 MB.
System memory in use after: 59.0 MB.

Unloading 5 unused Assets to reduce memory usage. Loaded Objects now: 1626.
Total: 3.320800 ms (FindLiveObjects: 0.352600 ms CreateObjectMapping: 0.161900 ms MarkObjects: 2.721800 ms  DeleteObjects: 0.081700 ms)

========================================================================
Received Import Request.
  Time since last request: 5.079958 seconds.
  path: Assets/Scripts/PlatformManager.cs
  artifactKey: Guid(2821261011ac96747bb213bd040f34a3) Importer(815301076,1909f56bfc062723c751e8b465ee728b)
Start importing Assets/Scripts/PlatformManager.cs using Guid(2821261011ac96747bb213bd040f34a3) Importer(815301076,1909f56bfc062723c751e8b465ee728b)  -> (artifact id: 'b7a9435c66f0cb170f61325a6ac507a1') in 0.008633 seconds
  Import took 0.011585 seconds .

========================================================================
Received Prepare
Registering precompiled user dll's ...
Registered in 0.000522 seconds.
Begin MonoManager ReloadAssembly
Native extension for WindowsStandalone target not found
Refreshing native plugins compatible for Editor in 0.28 ms, found 0 plugins.
Preloading 0 native plugins for Editor in 0.00 ms.
Mono: successfully reloaded assembly
- Completed reload, in  0.944 seconds
Platform modules already initialized, skipping
Refreshing native plugins compatible for Editor in 0.25 ms, found 0 plugins.
Preloading 0 native plugins for Editor in 0.00 ms.
Unloading 1163 Unused Serialized files (Serialized files now loaded: 0)
System memory in use before: 59.0 MB.
System memory in use after: 59.1 MB.

Unloading 5 unused Assets to reduce memory usage. Loaded Objects now: 1629.
Total: 1.952500 ms (FindLiveObjects: 0.158500 ms CreateObjectMapping: 0.047600 ms MarkObjects: 1.683100 ms  DeleteObjects: 0.062100 ms)

========================================================================
Received Prepare
Registering precompiled user dll's ...
Registered in 0.000758 seconds.
Begin MonoManager ReloadAssembly
Native extension for WindowsStandalone target not found
Refreshing native plugins compatible for Editor in 0.26 ms, found 0 plugins.
Preloading 0 native plugins for Editor in 0.00 ms.
Mono: successfully reloaded assembly
- Completed reload, in  0.935 seconds
Platform modules already initialized, skipping
Refreshing native plugins compatible for Editor in 0.26 ms, found 0 plugins.
Preloading 0 native plugins for Editor in 0.00 ms.
Unloading 1163 Unused Serialized files (Serialized files now loaded: 0)
System memory in use before: 59.0 MB.
System memory in use after: 59.1 MB.

Unloading 5 unused Assets to reduce memory usage. Loaded Objects now: 1632.
Total: 2.414500 ms (FindLiveObjects: 0.196800 ms CreateObjectMapping: 0.097400 ms MarkObjects: 2.057300 ms  DeleteObjects: 0.061400 ms)

========================================================================
Received Import Request.
  Time since last request: 9.741867 seconds.
  path: Assets/Scripts/ShopManager.cs
  artifactKey: Guid(d4758b84f86338d4a8d70253d4eb1c4b) Importer(815301076,1909f56bfc062723c751e8b465ee728b)
Start importing Assets/Scripts/ShopManager.cs using Guid(d4758b84f86338d4a8d70253d4eb1c4b) Importer(815301076,1909f56bfc062723c751e8b465ee728b)  -> (artifact id: '5df750367715a06a89459e5360755f93') in 0.009823 seconds
  Import took 0.013039 seconds .

========================================================================
Received Prepare
Registering precompiled user dll's ...
Registered in 0.000549 seconds.
Begin MonoManager ReloadAssembly
Native extension for WindowsStandalone target not found
Refreshing native plugins compatible for Editor in 0.25 ms, found 0 plugins.
Preloading 0 native plugins for Editor in 0.00 ms.
Mono: successfully reloaded assembly
- Completed reload, in  0.915 seconds
Platform modules already initialized, skipping
Refreshing native plugins compatible for Editor in 0.28 ms, found 0 plugins.
Preloading 0 native plugins for Editor in 0.00 ms.
Unloading 1163 Unused Serialized files (Serialized files now loaded: 0)
System memory in use before: 59.0 MB.
System memory in use after: 59.1 MB.

Unloading 5 unused Assets to reduce memory usage. Loaded Objects now: 1635.
Total: 2.044000 ms (FindLiveObjects: 0.239900 ms CreateObjectMapping: 0.061200 ms MarkObjects: 1.693200 ms  DeleteObjects: 0.048800 ms)

========================================================================
Received Prepare
Registering precompiled user dll's ...
Registered in 0.000568 seconds.
Begin MonoManager ReloadAssembly
Native extension for WindowsStandalone target not found
Refreshing native plugins compatible for Editor in 0.28 ms, found 0 plugins.
Preloading 0 native plugins for Editor in 0.00 ms.
Mono: successfully reloaded assembly
- Completed reload, in  0.951 seconds
Platform modules already initialized, skipping
Refreshing native plugins compatible for Editor in 0.31 ms, found 0 plugins.
Preloading 0 native plugins for Editor in 0.00 ms.
Unloading 1163 Unused Serialized files (Serialized files now loaded: 0)
System memory in use before: 59.0 MB.
System memory in use after: 59.1 MB.

Unloading 5 unused Assets to reduce memory usage. Loaded Objects now: 1638.
Total: 1.936500 ms (FindLiveObjects: 0.173400 ms CreateObjectMapping: 0.056000 ms MarkObjects: 1.646700 ms  DeleteObjects: 0.058500 ms)

========================================================================
Received Import Request.
  Time since last request: 88.434641 seconds.
  path: Assets/Scripts/Managers/PlayerManager.cs
  artifactKey: Guid(7a33b80d6f92bea45b61c2a4cc924aa4) Importer(815301076,1909f56bfc062723c751e8b465ee728b)
Start importing Assets/Scripts/Managers/PlayerManager.cs using Guid(7a33b80d6f92bea45b61c2a4cc924aa4) Importer(815301076,1909f56bfc062723c751e8b465ee728b)  -> (artifact id: '7ce3d4e4d556a628f8e51c088544a3e2') in 0.004536 seconds
  Import took 0.006949 seconds .

========================================================================
Received Import Request.
  Time since last request: 52.883203 seconds.
  path: Assets/Animations
  artifactKey: Guid(c034183ce621b714b8043695aa5a5e12) Importer(815301076,1909f56bfc062723c751e8b465ee728b)
Start importing Assets/Animations using Guid(c034183ce621b714b8043695aa5a5e12) Importer(815301076,1909f56bfc062723c751e8b465ee728b)  -> (artifact id: '271c6b19afc043134d8789e513d7dc85') in 0.008074 seconds
  Import took 0.011109 seconds .

========================================================================
Received Import Request.
  Time since last request: 8.636375 seconds.
  path: Assets/Animations/Player
  artifactKey: Guid(4e294608a42cd7a468b69c3c48d6f7c5) Importer(815301076,1909f56bfc062723c751e8b465ee728b)
Start importing Assets/Animations/Player using Guid(4e294608a42cd7a468b69c3c48d6f7c5) Importer(815301076,1909f56bfc062723c751e8b465ee728b)  -> (artifact id: '83314a4e3ffee9039f9a13966a13ef72') in 0.010017 seconds
  Import took 0.012840 seconds .

========================================================================
Received Import Request.
  Time since last request: 174.467452 seconds.
  path: Assets/Scenes/GameScene.unity
  artifactKey: Guid(9fc0d4010bbf28b4594072e72b8655ab) Importer(815301076,1909f56bfc062723c751e8b465ee728b)
Start importing Assets/Scenes/GameScene.unity using Guid(9fc0d4010bbf28b4594072e72b8655ab) Importer(815301076,1909f56bfc062723c751e8b465ee728b)  -> (artifact id: '75b16dce2e8075cd9f4220903b727574') in 0.021328 seconds
  Import took 0.024785 seconds .

========================================================================
Received Import Request.
  Time since last request: 0.000523 seconds.
  path: Assets/Scenes/GameScene.unity
  artifactKey: Guid(9fc0d4010bbf28b4594072e72b8655ab) Importer(815301076,1909f56bfc062723c751e8b465ee728b)
Start importing Assets/Scenes/GameScene.unity using Guid(9fc0d4010bbf28b4594072e72b8655ab) Importer(815301076,1909f56bfc062723c751e8b465ee728b)  -> (artifact id: '75b16dce2e8075cd9f4220903b727574') in 0.002988 seconds
  Import took 0.006057 seconds .

========================================================================
Received Import Request.
  Time since last request: 343.097523 seconds.
  path: Assets/Animations/Player/Ball.controller
  artifactKey: Guid(35539e5055f368d48bf30f6b61c41159) Importer(815301076,1909f56bfc062723c751e8b465ee728b)
Start importing Assets/Animations/Player/Ball.controller using Guid(35539e5055f368d48bf30f6b61c41159) Importer(815301076,1909f56bfc062723c751e8b465ee728b)  -> (artifact id: '9486f649e39214eb946bc139c381682d') in 0.015622 seconds
  Import took 0.018390 seconds .

========================================================================
Received Import Request.
  Time since last request: 2.150339 seconds.
  path: Assets/Animations/Player/Ball.controller
  artifactKey: Guid(35539e5055f368d48bf30f6b61c41159) Importer(815301076,1909f56bfc062723c751e8b465ee728b)
Start importing Assets/Animations/Player/Ball.controller using Guid(35539e5055f368d48bf30f6b61c41159) Importer(815301076,1909f56bfc062723c751e8b465ee728b)  -> (artifact id: 'a16665e1a46b4cec6060a0bb355e7456') in 0.003047 seconds
  Import took 0.006181 seconds .

========================================================================
Received Import Request.
  Time since last request: 18.000176 seconds.
  path: Assets/Animations/Player/Idle.anim
  artifactKey: Guid(63f9e4ccca16cec46b93e1eae8b54244) Importer(815301076,1909f56bfc062723c751e8b465ee728b)
Start importing Assets/Animations/Player/Idle.anim using Guid(63f9e4ccca16cec46b93e1eae8b54244) Importer(815301076,1909f56bfc062723c751e8b465ee728b)  -> (artifact id: '8b9f16ceb45de0e951d88a0d26819108') in 0.010731 seconds
  Import took 0.013661 seconds .

========================================================================
Received Prepare
Registering precompiled user dll's ...
Registered in 0.000506 seconds.
Begin MonoManager ReloadAssembly
Native extension for WindowsStandalone target not found
Refreshing native plugins compatible for Editor in 0.24 ms, found 0 plugins.
Preloading 0 native plugins for Editor in 0.00 ms.
Mono: successfully reloaded assembly
- Completed reload, in  0.910 seconds
Platform modules already initialized, skipping
Refreshing native plugins compatible for Editor in 0.31 ms, found 0 plugins.
Preloading 0 native plugins for Editor in 0.00 ms.
Unloading 1163 Unused Serialized files (Serialized files now loaded: 0)
System memory in use before: 59.0 MB.
System memory in use after: 59.1 MB.

Unloading 5 unused Assets to reduce memory usage. Loaded Objects now: 1641.
Total: 2.564500 ms (FindLiveObjects: 0.232100 ms CreateObjectMapping: 0.101500 ms MarkObjects: 2.168700 ms  DeleteObjects: 0.059900 ms)

========================================================================
Received Import Request.
  Time since last request: 1280.508781 seconds.
  path: Assets/Animations/Player/Idle.anim
  artifactKey: Guid(63f9e4ccca16cec46b93e1eae8b54244) Importer(815301076,1909f56bfc062723c751e8b465ee728b)
Start importing Assets/Animations/Player/Idle.anim using Guid(63f9e4ccca16cec46b93e1eae8b54244) Importer(815301076,1909f56bfc062723c751e8b465ee728b)  -> (artifact id: 'df5ab7600124e74aebcb0de98990c5be') in 0.019335 seconds
  Import took 0.022660 seconds .

========================================================================
Received Import Request.
  Time since last request: 0.001192 seconds.
  path: Assets/Animations/Player/Idle.anim
  artifactKey: Guid(63f9e4ccca16cec46b93e1eae8b54244) Importer(815301076,1909f56bfc062723c751e8b465ee728b)
Start importing Assets/Animations/Player/Idle.anim using Guid(63f9e4ccca16cec46b93e1eae8b54244) Importer(815301076,1909f56bfc062723c751e8b465ee728b)  -> (artifact id: 'df5ab7600124e74aebcb0de98990c5be') in 0.003545 seconds
  Import took 0.006486 seconds .

========================================================================
Received Prepare
Registering precompiled user dll's ...
Registered in 0.001317 seconds.
Begin MonoManager ReloadAssembly
Native extension for WindowsStandalone target not found
Refreshing native plugins compatible for Editor in 0.47 ms, found 0 plugins.
Preloading 0 native plugins for Editor in 0.00 ms.
Mono: successfully reloaded assembly
- Completed reload, in  2.321 seconds
Platform modules already initialized, skipping
Refreshing native plugins compatible for Editor in 0.75 ms, found 0 plugins.
Preloading 0 native plugins for Editor in 0.00 ms.
Unloading 1163 Unused Serialized files (Serialized files now loaded: 0)
System memory in use before: 59.0 MB.
System memory in use after: 59.1 MB.

Unloading 5 unused Assets to reduce memory usage. Loaded Objects now: 1644.
Total: 4.375700 ms (FindLiveObjects: 0.307200 ms CreateObjectMapping: 0.154100 ms MarkObjects: 3.790000 ms  DeleteObjects: 0.120900 ms)

========================================================================
Received Import Request.
  Time since last request: 162.163064 seconds.
  path: Assets/Animations/Player/Jump.anim
  artifactKey: Guid(63f9e4ccca16cec46b93e1eae8b54244) Importer(815301076,1909f56bfc062723c751e8b465ee728b)
Start importing Assets/Animations/Player/Jump.anim using Guid(63f9e4ccca16cec46b93e1eae8b54244) Importer(815301076,1909f56bfc062723c751e8b465ee728b)  -> (artifact id: '7ee768f7b523faedb9ded4305b5a3db3') in 0.045837 seconds
  Import took 0.050785 seconds .

========================================================================
Received Import Request.
  Time since last request: 4.861342 seconds.
  path: Assets/Animations/Player/Jump 1.anim
  artifactKey: Guid(4629637203a4de84b87860ba3240555e) Importer(815301076,1909f56bfc062723c751e8b465ee728b)
Start importing Assets/Animations/Player/Jump 1.anim using Guid(4629637203a4de84b87860ba3240555e) Importer(815301076,1909f56bfc062723c751e8b465ee728b)  -> (artifact id: '8178d99aa2d25c4bc5f6c6da6bc16c00') in 0.023876 seconds
  Import took 0.029281 seconds .

========================================================================
Received Import Request.
  Time since last request: 3.773037 seconds.
  path: Assets/Animations/Player/Fall.anim
  artifactKey: Guid(4629637203a4de84b87860ba3240555e) Importer(815301076,1909f56bfc062723c751e8b465ee728b)
Start importing Assets/Animations/Player/Fall.anim using Guid(4629637203a4de84b87860ba3240555e) Importer(815301076,1909f56bfc062723c751e8b465ee728b)  -> (artifact id: '00069d7abc571a92a8f7afed5d4a9456') in 0.026684 seconds
  Import took 0.033855 seconds .

========================================================================
Received Prepare
Registering precompiled user dll's ...
Registered in 0.001943 seconds.
Begin MonoManager ReloadAssembly
Native extension for WindowsStandalone target not found
Refreshing native plugins compatible for Editor in 0.49 ms, found 0 plugins.
Preloading 0 native plugins for Editor in 0.00 ms.
Mono: successfully reloaded assembly
- Completed reload, in  2.339 seconds
Platform modules already initialized, skipping
Refreshing native plugins compatible for Editor in 0.49 ms, found 0 plugins.
Preloading 0 native plugins for Editor in 0.00 ms.
Unloading 1163 Unused Serialized files (Serialized files now loaded: 0)
System memory in use before: 59.0 MB.
System memory in use after: 59.1 MB.

Unloading 5 unused Assets to reduce memory usage. Loaded Objects now: 1647.
Total: 4.544600 ms (FindLiveObjects: 0.420600 ms CreateObjectMapping: 0.153600 ms MarkObjects: 3.854900 ms  DeleteObjects: 0.111900 ms)

========================================================================
Received Prepare
Registering precompiled user dll's ...
Registered in 0.001359 seconds.
Begin MonoManager ReloadAssembly
Native extension for WindowsStandalone target not found
Refreshing native plugins compatible for Editor in 0.60 ms, found 0 plugins.
Preloading 0 native plugins for Editor in 0.00 ms.
Mono: successfully reloaded assembly
- Completed reload, in  2.445 seconds
Platform modules already initialized, skipping
Refreshing native plugins compatible for Editor in 0.50 ms, found 0 plugins.
Preloading 0 native plugins for Editor in 0.00 ms.
Unloading 1163 Unused Serialized files (Serialized files now loaded: 0)
System memory in use before: 59.0 MB.
System memory in use after: 59.1 MB.

Unloading 5 unused Assets to reduce memory usage. Loaded Objects now: 1650.
Total: 4.329300 ms (FindLiveObjects: 0.273300 ms CreateObjectMapping: 0.103300 ms MarkObjects: 3.831800 ms  DeleteObjects: 0.117800 ms)

========================================================================
Received Prepare
Registering precompiled user dll's ...
Registered in 0.001372 seconds.
Begin MonoManager ReloadAssembly
Native extension for WindowsStandalone target not found
Refreshing native plugins compatible for Editor in 0.49 ms, found 0 plugins.
Preloading 0 native plugins for Editor in 0.00 ms.
Mono: successfully reloaded assembly
- Completed reload, in  2.380 seconds
Platform modules already initialized, skipping
Refreshing native plugins compatible for Editor in 0.50 ms, found 0 plugins.
Preloading 0 native plugins for Editor in 0.00 ms.
Unloading 1163 Unused Serialized files (Serialized files now loaded: 0)
System memory in use before: 59.0 MB.
System memory in use after: 59.1 MB.

Unloading 5 unused Assets to reduce memory usage. Loaded Objects now: 1653.
Total: 4.085100 ms (FindLiveObjects: 0.294400 ms CreateObjectMapping: 0.150900 ms MarkObjects: 3.533800 ms  DeleteObjects: 0.104100 ms)

========================================================================
Received Prepare
Registering precompiled user dll's ...
Registered in 0.001380 seconds.
Begin MonoManager ReloadAssembly
Native extension for WindowsStandalone target not found
Refreshing native plugins compatible for Editor in 0.50 ms, found 0 plugins.
Preloading 0 native plugins for Editor in 0.00 ms.
Mono: successfully reloaded assembly
- Completed reload, in  2.455 seconds
Platform modules already initialized, skipping
Refreshing native plugins compatible for Editor in 0.51 ms, found 0 plugins.
Preloading 0 native plugins for Editor in 0.00 ms.
Unloading 1163 Unused Serialized files (Serialized files now loaded: 0)
System memory in use before: 59.1 MB.
System memory in use after: 59.1 MB.

Unloading 5 unused Assets to reduce memory usage. Loaded Objects now: 1656.
Total: 4.178300 ms (FindLiveObjects: 0.316200 ms CreateObjectMapping: 0.121200 ms MarkObjects: 3.622800 ms  DeleteObjects: 0.114300 ms)

========================================================================
Received Import Request.
  Time since last request: 2801.036839 seconds.
  path: Assets/Prefabs/platform.prefab
  artifactKey: Guid(c55590473d787374c9fa0821e0125b86) Importer(815301076,1909f56bfc062723c751e8b465ee728b)
Start importing Assets/Prefabs/platform.prefab using Guid(c55590473d787374c9fa0821e0125b86) Importer(815301076,1909f56bfc062723c751e8b465ee728b)  -> (artifact id: '4733e927057a9c4efef24fe6c744a586') in 0.272203 seconds
  Import took 0.278091 seconds .

========================================================================
Received Prepare
Registering precompiled user dll's ...
Registered in 0.002005 seconds.
Begin MonoManager ReloadAssembly
Native extension for WindowsStandalone target not found
Refreshing native plugins compatible for Editor in 0.49 ms, found 0 plugins.
Preloading 0 native plugins for Editor in 0.00 ms.
Mono: successfully reloaded assembly
- Completed reload, in  2.405 seconds
Platform modules already initialized, skipping
Refreshing native plugins compatible for Editor in 0.48 ms, found 0 plugins.
Preloading 0 native plugins for Editor in 0.00 ms.
Unloading 1163 Unused Serialized files (Serialized files now loaded: 0)
System memory in use before: 62.2 MB.
System memory in use after: 62.2 MB.

Unloading 5 unused Assets to reduce memory usage. Loaded Objects now: 1666.
Total: 4.131000 ms (FindLiveObjects: 0.344400 ms CreateObjectMapping: 0.175500 ms MarkObjects: 3.498000 ms  DeleteObjects: 0.110100 ms)

========================================================================
Received Import Request.
  Time since last request: 401.014086 seconds.
  path: Assets/Prefabs/platform.prefab
  artifactKey: Guid(c55590473d787374c9fa0821e0125b86) Importer(815301076,1909f56bfc062723c751e8b465ee728b)
Start importing Assets/Prefabs/platform.prefab using Guid(c55590473d787374c9fa0821e0125b86) Importer(815301076,1909f56bfc062723c751e8b465ee728b)  -> (artifact id: '5204754b9ce06f150d6546b2b04e6664') in 0.169284 seconds
  Import took 0.175622 seconds .

========================================================================
Received Import Request.
  Time since last request: 0.055062 seconds.
  path: Assets/Prefabs/platform.prefab
  artifactKey: Guid(c55590473d787374c9fa0821e0125b86) Importer(815301076,1909f56bfc062723c751e8b465ee728b)
Start importing Assets/Prefabs/platform.prefab using Guid(c55590473d787374c9fa0821e0125b86) Importer(815301076,1909f56bfc062723c751e8b465ee728b)  -> (artifact id: '5204754b9ce06f150d6546b2b04e6664') in 0.024914 seconds
  Import took 0.030885 seconds .

========================================================================
Received Prepare
Registering precompiled user dll's ...
Registered in 0.001265 seconds.
Begin MonoManager ReloadAssembly
Native extension for WindowsStandalone target not found
Refreshing native plugins compatible for Editor in 0.26 ms, found 0 plugins.
Preloading 0 native plugins for Editor in 0.00 ms.
Mono: successfully reloaded assembly
- Completed reload, in  0.923 seconds
Platform modules already initialized, skipping
Refreshing native plugins compatible for Editor in 0.26 ms, found 0 plugins.
Preloading 0 native plugins for Editor in 0.00 ms.
Unloading 1163 Unused Serialized files (Serialized files now loaded: 0)
System memory in use before: 62.2 MB.
System memory in use after: 62.3 MB.

Unloading 5 unused Assets to reduce memory usage. Loaded Objects now: 1670.
Total: 256.485600 ms (FindLiveObjects: 21.238500 ms CreateObjectMapping: 0.121000 ms MarkObjects: 199.707300 ms  DeleteObjects: 35.412300 ms)

========================================================================
Received Prepare
Registering precompiled user dll's ...
Registered in 0.000569 seconds.
Begin MonoManager ReloadAssembly
Native extension for WindowsStandalone target not found
Refreshing native plugins compatible for Editor in 0.26 ms, found 0 plugins.
Preloading 0 native plugins for Editor in 0.00 ms.
Mono: successfully reloaded assembly
- Completed reload, in  0.968 seconds
Platform modules already initialized, skipping
Refreshing native plugins compatible for Editor in 0.28 ms, found 0 plugins.
Preloading 0 native plugins for Editor in 0.00 ms.
Unloading 1163 Unused Serialized files (Serialized files now loaded: 0)
System memory in use before: 62.2 MB.
System memory in use after: 62.3 MB.

Unloading 5 unused Assets to reduce memory usage. Loaded Objects now: 1673.
Total: 3.196800 ms (FindLiveObjects: 0.590400 ms CreateObjectMapping: 0.174300 ms MarkObjects: 2.365500 ms  DeleteObjects: 0.064200 ms)

========================================================================
Received Import Request.
  Time since last request: 73372.781392 seconds.
  path: Assets/Prefabs/platform.prefab
  artifactKey: Guid(c55590473d787374c9fa0821e0125b86) Importer(815301076,1909f56bfc062723c751e8b465ee728b)
Start importing Assets/Prefabs/platform.prefab using Guid(c55590473d787374c9fa0821e0125b86) Importer(815301076,1909f56bfc062723c751e8b465ee728b)  -> (artifact id: 'd1ba490bab594f98dfeeccaf9ca33fbf') in 0.224025 seconds
  Import took 0.228107 seconds .

========================================================================
Received Prepare
Registering precompiled user dll's ...
Registered in 0.000536 seconds.
Begin MonoManager ReloadAssembly
Native extension for WindowsStandalone target not found
Refreshing native plugins compatible for Editor in 0.27 ms, found 0 plugins.
Preloading 0 native plugins for Editor in 0.00 ms.
Mono: successfully reloaded assembly
- Completed reload, in  0.948 seconds
Platform modules already initialized, skipping
Refreshing native plugins compatible for Editor in 0.49 ms, found 0 plugins.
Preloading 0 native plugins for Editor in 0.00 ms.
Unloading 1163 Unused Serialized files (Serialized files now loaded: 0)
System memory in use before: 62.2 MB.
System memory in use after: 62.3 MB.

Unloading 5 unused Assets to reduce memory usage. Loaded Objects now: 1677.
Total: 2.571900 ms (FindLiveObjects: 0.215800 ms CreateObjectMapping: 0.060200 ms MarkObjects: 2.225900 ms  DeleteObjects: 0.069000 ms)

========================================================================
Received Prepare
Registering precompiled user dll's ...
Registered in 0.000800 seconds.
Begin MonoManager ReloadAssembly
Native extension for WindowsStandalone target not found
Refreshing native plugins compatible for Editor in 0.43 ms, found 0 plugins.
Preloading 0 native plugins for Editor in 0.00 ms.
Mono: successfully reloaded assembly
- Completed reload, in  1.434 seconds
Platform modules already initialized, skipping
Refreshing native plugins compatible for Editor in 0.38 ms, found 0 plugins.
Preloading 0 native plugins for Editor in 0.00 ms.
Unloading 1163 Unused Serialized files (Serialized files now loaded: 0)
System memory in use before: 62.2 MB.
System memory in use after: 62.3 MB.

Unloading 5 unused Assets to reduce memory usage. Loaded Objects now: 1680.
Total: 3.554400 ms (FindLiveObjects: 0.614100 ms CreateObjectMapping: 0.153700 ms MarkObjects: 2.692000 ms  DeleteObjects: 0.086600 ms)

